Determining if the pthread_create exist failed with the following output:
Change Dir: /home/sweet/github_store/robot_nav/build/CMakeFiles/CMakeTmp

Run Build Command:"/usr/bin/make" "cmTC_cbfca/fast"
/usr/bin/make -f CMakeFiles/cmTC_cbfca.dir/build.make CMakeFiles/cmTC_cbfca.dir/build
make[1]: Entering directory '/home/sweet/github_store/robot_nav/build/CMakeFiles/CMakeTmp'
Building C object CMakeFiles/cmTC_cbfca.dir/CheckSymbolExists.c.o
/usr/bin/cc    -o CMakeFiles/cmTC_cbfca.dir/CheckSymbolExists.c.o   -c /home/sweet/github_store/robot_nav/build/CMakeFiles/CMakeTmp/CheckSymbolExists.c
Linking C executable cmTC_cbfca
/usr/bin/cmake -E cmake_link_script CMakeFiles/cmTC_cbfca.dir/link.txt --verbose=1
/usr/bin/cc      -rdynamic CMakeFiles/cmTC_cbfca.dir/CheckSymbolExists.c.o  -o cmTC_cbfca 
CMakeFiles/cmTC_cbfca.dir/CheckSymbolExists.c.o: In function `main':
CheckSymbolExists.c:(.text+0x1b): undefined reference to `pthread_create'
collect2: error: ld returned 1 exit status
CMakeFiles/cmTC_cbfca.dir/build.make:97: recipe for target 'cmTC_cbfca' failed
make[1]: *** [cmTC_cbfca] Error 1
make[1]: Leaving directory '/home/sweet/github_store/robot_nav/build/CMakeFiles/CMakeTmp'
Makefile:126: recipe for target 'cmTC_cbfca/fast' failed
make: *** [cmTC_cbfca/fast] Error 2

File /home/sweet/github_store/robot_nav/build/CMakeFiles/CMakeTmp/CheckSymbolExists.c:
/* */
#include <pthread.h>

int main(int argc, char** argv)
{
  (void)argv;
#ifndef pthread_create
  return ((int*)(&pthread_create))[argc];
#else
  (void)argc;
  return 0;
#endif
}

Determining if the function pthread_create exists in the pthreads failed with the following output:
Change Dir: /home/sweet/github_store/robot_nav/build/CMakeFiles/CMakeTmp

Run Build Command:"/usr/bin/make" "cmTC_6c32e/fast"
/usr/bin/make -f CMakeFiles/cmTC_6c32e.dir/build.make CMakeFiles/cmTC_6c32e.dir/build
make[1]: Entering directory '/home/sweet/github_store/robot_nav/build/CMakeFiles/CMakeTmp'
Building C object CMakeFiles/cmTC_6c32e.dir/CheckFunctionExists.c.o
/usr/bin/cc   -DCHECK_FUNCTION_EXISTS=pthread_create   -o CMakeFiles/cmTC_6c32e.dir/CheckFunctionExists.c.o   -c /usr/share/cmake-3.10/Modules/CheckFunctionExists.c
Linking C executable cmTC_6c32e
/usr/bin/cmake -E cmake_link_script CMakeFiles/cmTC_6c32e.dir/link.txt --verbose=1
/usr/bin/cc  -DCHECK_FUNCTION_EXISTS=pthread_create    -rdynamic CMakeFiles/cmTC_6c32e.dir/CheckFunctionExists.c.o  -o cmTC_6c32e -lpthreads 
/usr/bin/x86_64-linux-gnu-ld: cannot find -lpthreads
collect2: error: ld returned 1 exit status
CMakeFiles/cmTC_6c32e.dir/build.make:97: recipe for target 'cmTC_6c32e' failed
make[1]: *** [cmTC_6c32e] Error 1
make[1]: Leaving directory '/home/sweet/github_store/robot_nav/build/CMakeFiles/CMakeTmp'
Makefile:126: recipe for target 'cmTC_6c32e/fast' failed
make: *** [cmTC_6c32e/fast] Error 2


